<?xml version="1.0" encoding="UTF-8"?>
<testng-results ignored="0" total="5" passed="4" failed="1" skipped="0">
  <reporter-output>
  </reporter-output>
  <suite started-at="2019-05-01T11:49:18Z" name="SuiteComplete" finished-at="2019-05-01T11:49:29Z" duration-ms="10644">
    <groups>
    </groups>
    <test started-at="2019-05-01T11:49:18Z" name="TestCases" finished-at="2019-05-01T11:49:29Z" duration-ms="10644">
      <class name="com.selenium.testcases.MercuryTest.Example">
        <test-method is-config="true" signature="SetupTest()[pri:0, instance:com.selenium.testcases.MercuryTest.Example@1018bde2]" started-at="2019-05-01T11:49:14Z" name="SetupTest" finished-at="2019-05-01T11:49:18Z" duration-ms="3686" status="PASS">
          <reporter-output>
          </reporter-output>
        </test-method> <!-- SetupTest -->
        <test-method signature="RegTestNG()[pri:0, instance:com.selenium.testcases.MercuryTest.Example@1018bde2]" started-at="2019-05-01T11:49:18Z" name="RegTestNG" finished-at="2019-05-01T11:49:21Z" duration-ms="2754" status="PASS">
          <reporter-output>
          </reporter-output>
        </test-method> <!-- RegTestNG -->
        <test-method signature="SignInTestNG()[pri:0, instance:com.selenium.testcases.MercuryTest.Example@1018bde2]" started-at="2019-05-01T11:49:21Z" name="SignInTestNG" finished-at="2019-05-01T11:49:26Z" duration-ms="5343" status="PASS">
          <reporter-output>
          </reporter-output>
        </test-method> <!-- SignInTestNG -->
        <test-method signature="OneWayTestNG()[pri:0, instance:com.selenium.testcases.MercuryTest.Example@1018bde2]" started-at="2019-05-01T11:49:26Z" name="OneWayTestNG" finished-at="2019-05-01T11:49:27Z" duration-ms="500" status="FAIL">
          <exception class="java.lang.AssertionError">
            <message>
              <![CDATA[expected [false] but found [true]]]>
            </message>
            <full-stacktrace>
              <![CDATA[java.lang.AssertionError: expected [false] but found [true]
at org.testng.Assert.fail(Assert.java:96)
at org.testng.Assert.failNotEquals(Assert.java:776)
at org.testng.Assert.assertEqualsImpl(Assert.java:137)
at org.testng.Assert.assertEquals(Assert.java:118)
at org.testng.Assert.assertEquals(Assert.java:568)
at org.testng.Assert.assertEquals(Assert.java:578)
at com.selenium.testcases.MercuryTest.FlightBookingOneWay.flightOneWayTestCase(FlightBookingOneWay.java:60)
at com.selenium.testcases.MercuryTest.Example.OneWayTestNG(Example.java:47)
at java.base/jdk.internal.reflect.NativeMethodAccessorImpl.invoke0(Native Method)
at java.base/jdk.internal.reflect.NativeMethodAccessorImpl.invoke(NativeMethodAccessorImpl.java:62)
at java.base/jdk.internal.reflect.DelegatingMethodAccessorImpl.invoke(DelegatingMethodAccessorImpl.java:43)
at java.base/java.lang.reflect.Method.invoke(Method.java:564)
at org.testng.internal.MethodInvocationHelper.invokeMethod(MethodInvocationHelper.java:124)
at org.testng.internal.Invoker.invokeMethod(Invoker.java:583)
at org.testng.internal.Invoker.invokeTestMethod(Invoker.java:719)
at org.testng.internal.Invoker.invokeTestMethods(Invoker.java:989)
at org.testng.internal.TestMethodWorker.invokeTestMethods(TestMethodWorker.java:125)
at org.testng.internal.TestMethodWorker.run(TestMethodWorker.java:109)
at org.testng.TestRunner.privateRun(TestRunner.java:648)
at org.testng.TestRunner.run(TestRunner.java:505)
at org.testng.SuiteRunner.runTest(SuiteRunner.java:455)
at org.testng.SuiteRunner.runSequentially(SuiteRunner.java:450)
at org.testng.SuiteRunner.privateRun(SuiteRunner.java:415)
at org.testng.SuiteRunner.run(SuiteRunner.java:364)
at org.testng.SuiteRunnerWorker.runSuite(SuiteRunnerWorker.java:52)
at org.testng.SuiteRunnerWorker.run(SuiteRunnerWorker.java:84)
at org.testng.TestNG.runSuitesSequentially(TestNG.java:1208)
at org.testng.TestNG.runSuitesLocally(TestNG.java:1137)
at org.testng.TestNG.runSuites(TestNG.java:1049)
at org.testng.TestNG.run(TestNG.java:1017)
at org.testng.remote.AbstractRemoteTestNG.run(AbstractRemoteTestNG.java:114)
at org.testng.remote.RemoteTestNG.initAndRun(RemoteTestNG.java:251)
at org.testng.remote.RemoteTestNG.main(RemoteTestNG.java:77)
]]>
            </full-stacktrace>
          </exception> <!-- java.lang.AssertionError -->
          <reporter-output>
          </reporter-output>
        </test-method> <!-- OneWayTestNG -->
        <test-method signature="RoundTripTestNG()[pri:0, instance:com.selenium.testcases.MercuryTest.Example@1018bde2]" started-at="2019-05-01T11:49:27Z" name="RoundTripTestNG" finished-at="2019-05-01T11:49:28Z" duration-ms="1113" status="PASS">
          <reporter-output>
          </reporter-output>
        </test-method> <!-- RoundTripTestNG -->
        <test-method signature="DeptRetnTestNG()[pri:0, instance:com.selenium.testcases.MercuryTest.Example@1018bde2]" started-at="2019-05-01T11:49:28Z" name="DeptRetnTestNG" finished-at="2019-05-01T11:49:29Z" duration-ms="915" status="PASS">
          <reporter-output>
          </reporter-output>
        </test-method> <!-- DeptRetnTestNG -->
        <test-method is-config="true" signature="CloseTestNG()[pri:0, instance:com.selenium.testcases.MercuryTest.Example@1018bde2]" started-at="2019-05-01T11:49:29Z" name="CloseTestNG" finished-at="2019-05-01T11:49:29Z" duration-ms="86" status="PASS">
          <reporter-output>
          </reporter-output>
        </test-method> <!-- CloseTestNG -->
      </class> <!-- com.selenium.testcases.MercuryTest.Example -->
    </test> <!-- TestCases -->
  </suite> <!-- SuiteComplete -->
</testng-results>
