<?xml version="1.0" encoding="UTF-8"?>
<!-- Generated by org.testng.reporters.JUnitXMLReporter -->
<testsuite ignored="0" hostname="sreenivass-MBP" failures="0" tests="5" name="Test" time="0.035" errors="0" timestamp="30 Apr 2019 00:52:04 GMT">
  <testcase classname="com.selenium.testcases.MercuryTest.Example" name="@BeforeSuite SetupTest" time="9.294">
    <failure type="org.openqa.selenium.SessionNotCreatedException" message="session not created: This version of ChromeDriver only supports Chrome version 75
Build info: version: &amp;apos;3.141.59&amp;apos;, revision: &amp;apos;e82be7d358&amp;apos;, time: &amp;apos;2018-11-14T08:17:03&amp;apos;
System info: host: &amp;apos;sreenivass-MBP&amp;apos;, ip: &amp;apos;fd17:bf5c:119c:0:d44e:5dc4:a461:20fa%en0&amp;apos;, os.name: &amp;apos;Mac OS X&amp;apos;, os.arch: &amp;apos;x86_64&amp;apos;, os.version: &amp;apos;10.14.3&amp;apos;, java.version: &amp;apos;9.0.4&amp;apos;
Driver info: driver.version: ChromeDriver
remote stacktrace: 0   chromedriver                        0x00000001083998e9 chromedriver + 3594473
1   chromedriver                        0x0000000108329543 chromedriver + 3134787
2   chromedriver                        0x00000001080d529f chromedriver + 692895
3   chromedriver                        0x000000010804372b chromedriver + 96043
4   chromedriver                        0x000000010803f7d8 chromedriver + 79832
5   chromedriver                        0x000000010806b6db chromedriver + 259803
6   chromedriver                        0x0000000108068d13 chromedriver + 249107
7   chromedriver                        0x000000010804578a chromedriver + 104330
8   chromedriver                        0x00000001080467d5 chromedriver + 108501
9   chromedriver                        0x0000000108358555 chromedriver + 3327317
10  chromedriver                        0x0000000108363e60 chromedriver + 3374688
11  chromedriver                        0x0000000108363bf8 chromedriver + 3374072
12  chromedriver                        0x0000000108337d39 chromedriver + 3194169
13  chromedriver                        0x00000001083646d8 chromedriver + 3376856
14  chromedriver                        0x000000010834bf27 chromedriver + 3276583
15  chromedriver                        0x0000000108381064 chromedriver + 3493988
16  chromedriver                        0x000000010839f617 chromedriver + 3618327
17  libsystem_pthread.dylib             0x00007fff7d4a8305 _pthread_body + 126
18  libsystem_pthread.dylib             0x00007fff7d4ab26f _pthread_start + 70
19  libsystem_pthread.dylib             0x00007fff7d4a7415 thread_start + 13
">
      <![CDATA[org.openqa.selenium.SessionNotCreatedException: session not created: This version of ChromeDriver only supports Chrome version 75
Build info: version: '3.141.59', revision: 'e82be7d358', time: '2018-11-14T08:17:03'
System info: host: 'sreenivass-MBP', ip: 'fd17:bf5c:119c:0:d44e:5dc4:a461:20fa%en0', os.name: 'Mac OS X', os.arch: 'x86_64', os.version: '10.14.3', java.version: '9.0.4'
Driver info: driver.version: ChromeDriver
remote stacktrace: 0   chromedriver                        0x00000001083998e9 chromedriver + 3594473
1   chromedriver                        0x0000000108329543 chromedriver + 3134787
2   chromedriver                        0x00000001080d529f chromedriver + 692895
3   chromedriver                        0x000000010804372b chromedriver + 96043
4   chromedriver                        0x000000010803f7d8 chromedriver + 79832
5   chromedriver                        0x000000010806b6db chromedriver + 259803
6   chromedriver                        0x0000000108068d13 chromedriver + 249107
7   chromedriver                        0x000000010804578a chromedriver + 104330
8   chromedriver                        0x00000001080467d5 chromedriver + 108501
9   chromedriver                        0x0000000108358555 chromedriver + 3327317
10  chromedriver                        0x0000000108363e60 chromedriver + 3374688
11  chromedriver                        0x0000000108363bf8 chromedriver + 3374072
12  chromedriver                        0x0000000108337d39 chromedriver + 3194169
13  chromedriver                        0x00000001083646d8 chromedriver + 3376856
14  chromedriver                        0x000000010834bf27 chromedriver + 3276583
15  chromedriver                        0x0000000108381064 chromedriver + 3493988
16  chromedriver                        0x000000010839f617 chromedriver + 3618327
17  libsystem_pthread.dylib             0x00007fff7d4a8305 _pthread_body + 126
18  libsystem_pthread.dylib             0x00007fff7d4ab26f _pthread_start + 70
19  libsystem_pthread.dylib             0x00007fff7d4a7415 thread_start + 13

at org.openqa.selenium.remote.W3CHandshakeResponse.lambda$errorHandler$0(W3CHandshakeResponse.java:62)
at org.openqa.selenium.remote.HandshakeResponse.lambda$getResponseFunction$0(HandshakeResponse.java:30)
at org.openqa.selenium.remote.ProtocolHandshake.lambda$createSession$0(ProtocolHandshake.java:126)
at java.base/java.util.stream.ReferencePipeline$3$1.accept(ReferencePipeline.java:195)
at java.base/java.util.Spliterators$ArraySpliterator.tryAdvance(Spliterators.java:958)
at java.base/java.util.stream.ReferencePipeline.forEachWithCancel(ReferencePipeline.java:127)
at java.base/java.util.stream.AbstractPipeline.copyIntoWithCancel(AbstractPipeline.java:502)
at java.base/java.util.stream.AbstractPipeline.copyInto(AbstractPipeline.java:488)
at java.base/java.util.stream.AbstractPipeline.wrapAndCopyInto(AbstractPipeline.java:474)
at java.base/java.util.stream.FindOps$FindOp.evaluateSequential(FindOps.java:152)
at java.base/java.util.stream.AbstractPipeline.evaluate(AbstractPipeline.java:234)
at java.base/java.util.stream.ReferencePipeline.findFirst(ReferencePipeline.java:476)
at org.openqa.selenium.remote.ProtocolHandshake.createSession(ProtocolHandshake.java:128)
at org.openqa.selenium.remote.ProtocolHandshake.createSession(ProtocolHandshake.java:74)
at org.openqa.selenium.remote.HttpCommandExecutor.execute(HttpCommandExecutor.java:136)
at org.openqa.selenium.remote.service.DriverCommandExecutor.execute(DriverCommandExecutor.java:83)
at org.openqa.selenium.remote.RemoteWebDriver.execute(RemoteWebDriver.java:552)
at org.openqa.selenium.remote.RemoteWebDriver.startSession(RemoteWebDriver.java:213)
at org.openqa.selenium.remote.RemoteWebDriver.<init>(RemoteWebDriver.java:131)
at org.openqa.selenium.chrome.ChromeDriver.<init>(ChromeDriver.java:181)
at org.openqa.selenium.chrome.ChromeDriver.<init>(ChromeDriver.java:168)
at org.openqa.selenium.chrome.ChromeDriver.<init>(ChromeDriver.java:123)
at com.selenium.testcases.MercuryTest.OpenBrowser.<init>(OpenBrowser.java:12)
at com.selenium.testcases.MercuryTest.Example.SetupTest(Example.java:14)
... Removed 24 stack frames]]>
    </failure>
  </testcase> <!-- @BeforeSuite SetupTest -->
  <testcase classname="com.selenium.testcases.MercuryTest.Example" name="RegTestNG" time="0.0">
    <skipped/>
  </testcase> <!-- RegTestNG -->
  <testcase classname="com.selenium.testcases.MercuryTest.Example" name="SignInTestNG" time="0.0">
    <skipped/>
  </testcase> <!-- SignInTestNG -->
  <testcase classname="com.selenium.testcases.MercuryTest.Example" name="OneWayTestNG" time="0.0">
    <skipped/>
  </testcase> <!-- OneWayTestNG -->
  <testcase classname="com.selenium.testcases.MercuryTest.Example" name="RoundTripTestNG" time="0.0">
    <skipped/>
  </testcase> <!-- RoundTripTestNG -->
  <testcase classname="com.selenium.testcases.MercuryTest.Example" name="DeptRetnTestNG" time="0.0">
    <skipped/>
  </testcase> <!-- DeptRetnTestNG -->
</testsuite> <!-- Test -->
