<?xml version="1.0" encoding="UTF-8"?>
<!-- Generated by org.testng.reporters.JUnitXMLReporter -->
<testsuite ignored="0" hostname="sreenivass-MBP" failures="1" tests="5" name="TestCases" time="10.644" errors="0" timestamp="01 May 2019 11:49:29 GMT">
  <testcase classname="com.selenium.testcases.MercuryTest.Example" name="RegTestNG" time="2.754"/>
  <testcase classname="com.selenium.testcases.MercuryTest.Example" name="SignInTestNG" time="5.343"/>
  <testcase classname="com.selenium.testcases.MercuryTest.Example" name="OneWayTestNG" time="0.5">
    <failure type="java.lang.AssertionError" message="expected [false] but found [true]">
      <![CDATA[java.lang.AssertionError: expected [false] but found [true]
at com.selenium.testcases.MercuryTest.FlightBookingOneWay.flightOneWayTestCase(FlightBookingOneWay.java:60)
at com.selenium.testcases.MercuryTest.Example.OneWayTestNG(Example.java:47)
... Removed 31 stack frames]]>
    </failure>
  </testcase> <!-- OneWayTestNG -->
  <testcase classname="com.selenium.testcases.MercuryTest.Example" name="RoundTripTestNG" time="1.113"/>
  <testcase classname="com.selenium.testcases.MercuryTest.Example" name="DeptRetnTestNG" time="0.915"/>
</testsuite> <!-- TestCases -->
